c:\users\justinr\documents\visual studio 2013\projects\jetpack\debug\vc120.pdb
c:\users\justinr\documents\visual studio 2013\projects\jetpack\debug\stonesolid.obj
c:\users\justinr\documents\visual studio 2013\projects\jetpack\debug\savemenu.obj
c:\users\justinr\documents\visual studio 2013\projects\jetpack\debug\opengl2dwindow.obj
c:\users\justinr\documents\visual studio 2013\projects\jetpack\debug\missile.obj
c:\users\justinr\documents\visual studio 2013\projects\jetpack\debug\mine.obj
c:\users\justinr\documents\visual studio 2013\projects\jetpack\debug\maestro.obj
c:\users\justinr\documents\visual studio 2013\projects\jetpack\debug\loadmenu.obj
c:\users\justinr\documents\visual studio 2013\projects\jetpack\debug\bricksolid.obj
c:\users\justinr\documents\visual studio 2013\projects\jetpack\debug\gold.obj
c:\users\justinr\documents\visual studio 2013\projects\jetpack\debug\fileio.obj
c:\users\justinr\documents\visual studio 2013\projects\jetpack\debug\fastsolid.obj
c:\users\justinr\documents\visual studio 2013\projects\jetpack\debug\enums.obj
c:\users\justinr\documents\visual studio 2013\projects\jetpack\debug\egg.obj
c:\users\justinr\documents\visual studio 2013\projects\jetpack\debug\editor.obj
c:\users\justinr\documents\visual studio 2013\projects\jetpack\debug\door.obj
c:\users\justinr\documents\visual studio 2013\projects\jetpack\debug\deathsicle.obj
c:\users\justinr\documents\visual studio 2013\projects\jetpack\debug\gem.obj
c:\users\justinr\documents\visual studio 2013\projects\jetpack\debug\fuelgage.obj
c:\users\justinr\documents\visual studio 2013\projects\jetpack\debug\box.obj
c:\users\justinr\documents\visual studio 2013\projects\jetpack\debug\bat.obj
c:\users\justinr\documents\visual studio 2013\projects\jetpack\debug\sprites.obj
c:\users\justinr\documents\visual studio 2013\projects\jetpack\debug\spring.obj
c:\users\justinr\documents\visual studio 2013\projects\jetpack\debug\robot.obj
c:\users\justinr\documents\visual studio 2013\projects\jetpack\debug\rectangle.obj
c:\users\justinr\documents\visual studio 2013\projects\jetpack\debug\predator.obj
c:\users\justinr\documents\visual studio 2013\projects\jetpack\debug\pinwheel.obj
c:\users\justinr\documents\visual studio 2013\projects\jetpack\debug\game.obj
c:\users\justinr\documents\visual studio 2013\projects\jetpack\debug\nonsolidthing.obj
c:\users\justinr\documents\visual studio 2013\projects\jetpack\debug\ladder.obj
c:\users\justinr\documents\visual studio 2013\projects\jetpack\debug\jetpack_main.obj
c:\users\justinr\documents\visual studio 2013\projects\jetpack\debug\jetpackui.obj
c:\users\justinr\documents\visual studio 2013\projects\jetpack\debug\item.obj
c:\users\justinr\documents\visual studio 2013\projects\jetpack\debug\hero.obj
c:\users\justinr\documents\visual studio 2013\projects\jetpack\debug\woodsolid.obj
c:\users\justinr\documents\visual studio 2013\projects\jetpack\debug\teleporter.obj
c:\users\justinr\documents\visual studio 2013\projects\jetpack\debug\switchsolid.obj
c:\users\justinr\documents\visual studio 2013\projects\jetpack\debug\switch.obj
c:\users\justinr\documents\visual studio 2013\projects\jetpack\debug\jetpack.exe
c:\users\justinr\documents\visual studio 2013\projects\jetpack\debug\jetpack.pdb
c:\users\justinr\documents\visual studio 2013\projects\jetpack\debug\jetpack.res
c:\users\justinr\documents\visual studio 2013\projects\jetpack\debug\jetpack.tlog\cl.command.1.tlog
c:\users\justinr\documents\visual studio 2013\projects\jetpack\debug\jetpack.tlog\cl.read.1.tlog
c:\users\justinr\documents\visual studio 2013\projects\jetpack\debug\jetpack.tlog\cl.write.1.tlog
c:\users\justinr\documents\visual studio 2013\projects\jetpack\debug\jetpack.tlog\link.command.1.tlog
c:\users\justinr\documents\visual studio 2013\projects\jetpack\debug\jetpack.tlog\link.read.1.tlog
c:\users\justinr\documents\visual studio 2013\projects\jetpack\debug\jetpack.tlog\link.write.1.tlog
c:\users\justinr\documents\visual studio 2013\projects\jetpack\debug\jetpack.tlog\rc.command.1.tlog
c:\users\justinr\documents\visual studio 2013\projects\jetpack\debug\jetpack.tlog\rc.read.1.tlog
c:\users\justinr\documents\visual studio 2013\projects\jetpack\debug\jetpack.tlog\rc.write.1.tlog
